0 info it worked if it ends with ok
1 verbose cli [
1 verbose cli   'C:\\Program Files\\nodejs\\node.exe',
1 verbose cli   'C:\\Program Files\\nodejs\\node_modules\\npm\\bin\\npm-cli.js',
1 verbose cli   'run',
1 verbose cli   'test',
1 verbose cli   '--no-cache'
1 verbose cli ]
2 info using npm@6.10.2
3 info using node@v12.9.1
4 verbose run-script [ 'pretest', 'test', 'posttest' ]
5 info lifecycle msw-cache-issue@0.1.0~pretest: msw-cache-issue@0.1.0
6 info lifecycle msw-cache-issue@0.1.0~test: msw-cache-issue@0.1.0
7 verbose lifecycle msw-cache-issue@0.1.0~test: unsafe-perm in lifecycle true
8 verbose lifecycle msw-cache-issue@0.1.0~test: PATH: C:\Program Files\nodejs\node_modules\npm\node_modules\npm-lifecycle\node-gyp-bin;C:\Users\andrewg\Desktop\Projects\msw-cache-issue\node_modules\.bin;C:\Program Files\Git\mingw64\bin;C:\Program Files\Git\usr\bin;C:\Users\andrewg\bin;C:\Program Files (x86)\Common Files\Oracle\Java\javapath;C:\WINDOWS\system32;C:\WINDOWS;C:\WINDOWS\System32\Wbem;C:\WINDOWS\System32\WindowsPowerShell\v1.0;C:\WINDOWS\System32\OpenSSH;C:\Program Files\Git\cmd;C:\Program Files\dotnet;C:\Program Files\Microsoft SQL Server\130\Tools\Binn;C:\Program Files\Microsoft SQL Server\Client SDK\ODBC\170\Tools\Binn;C:\Program Files\Java\jre1.8.0_281\bin;C:\Program Files\nodejs;C:\Users\andrewg\AppData\Local\Microsoft\WindowsApps;C:\Users\andrewg\AppData\Local\Programs\Microsoft VS Code\bin;C:\Users\andrewg\.dotnet\tools;C:\Program Files (x86)\BrowserStackLocal;C:\Users\andrewg\AppData\Roaming\npm
9 verbose lifecycle msw-cache-issue@0.1.0~test: CWD: C:\Users\andrewg\Desktop\Projects\msw-cache-issue
10 silly lifecycle msw-cache-issue@0.1.0~test: Args: [ '/d /s /c', 'react-scripts test --watchAll=false' ]
11 silly lifecycle msw-cache-issue@0.1.0~test: Returned: code: 1  signal: null
12 info lifecycle msw-cache-issue@0.1.0~test: Failed to exec test script
13 verbose stack Error: msw-cache-issue@0.1.0 test: `react-scripts test --watchAll=false`
13 verbose stack Exit status 1
13 verbose stack     at EventEmitter.<anonymous> (C:\Program Files\nodejs\node_modules\npm\node_modules\npm-lifecycle\index.js:326:16)
13 verbose stack     at EventEmitter.emit (events.js:209:13)
13 verbose stack     at ChildProcess.<anonymous> (C:\Program Files\nodejs\node_modules\npm\node_modules\npm-lifecycle\lib\spawn.js:55:14)
13 verbose stack     at ChildProcess.emit (events.js:209:13)
13 verbose stack     at maybeClose (internal/child_process.js:1021:16)
13 verbose stack     at Process.ChildProcess._handle.onexit (internal/child_process.js:283:5)
14 verbose pkgid msw-cache-issue@0.1.0
15 verbose cwd C:\Users\andrewg\Desktop\Projects\msw-cache-issue
16 verbose Windows_NT 10.0.19042
17 verbose argv "C:\\Program Files\\nodejs\\node.exe" "C:\\Program Files\\nodejs\\node_modules\\npm\\bin\\npm-cli.js" "run" "test" "--no-cache"
18 verbose node v12.9.1
19 verbose npm  v6.10.2
20 error code ELIFECYCLE
21 error errno 1
22 error msw-cache-issue@0.1.0 test: `react-scripts test --watchAll=false`
22 error Exit status 1
23 error Failed at the msw-cache-issue@0.1.0 test script.
23 error This is probably not a problem with npm. There is likely additional logging output above.
24 verbose exit [ 1, true ]
